<?xml version="1.0" encoding="UTF-8"?>
<!-- Generated by org.testng.reporters.JUnitReportReporter -->
<testsuite hostname="LAPTOP-BFGT652G" failures="0" tests="1" name="com.UI_Automation.runner.TestRunner" time="34.661" errors="0" timestamp="2021-09-25T12:56:32 BST" skipped="0">
  <testcase classname="com.UI_Automation.runner.TestRunner" name="runScenario" time="34.661"/>
  <system-out/>
</testsuite> <!-- com.UI_Automation.runner.TestRunner -->
